
<!DOCTYPE html>
<html>
	<head>
		<!--
			ExtentReports Library 2.41.1 | http://relevantcodes.com/extentreports-for-selenium/ | https://github.com/anshooarora/
			Copyright (c) 2015, Anshoo Arora (Relevant Codes) | Copyrights licensed under the New BSD License | http://opensource.org/licenses/BSD-3-Clause
			Documentation: http://extentreports.relevantcodes.com 
		-->

		<meta charset='UTF-8' /> 
		<meta name='description' content='ExtentReports (by Anshoo Arora) is a reporting library for automation testing for .NET and Java. It creates detailed and beautiful HTML reports for modern browsers. ExtentReports shows test and step summary along with dashboards, system and environment details for quick analysis of your tests.' />
		<meta name='robots' content='noodp, noydir' />
		<meta name='viewport' content='width=device-width, initial-scale=1' />
		<meta name='extentx' id='extentx' content='' />
		
		<title>
				ExtentReports 2.0
		</title>
		
		
		<link href='https://fonts.googleapis.com/css?family=Source+Sans+Pro:400,600' rel='stylesheet' type='text/css'>
		<link href='https://cdn.rawgit.com/anshooarora/extentreports/6032d73243ba4fe4fb8769eb9c315d4fdf16fe68/cdn/extent.css' type='text/css' rel='stylesheet' />
		
		<style>
				
            
                
            
        
		</style>
	</head>
	
	
	<body class='extent default standard hide-overflow'>
		<!-- nav -->
		<nav>
			<div class='logo-container blue darken-2'>
				<a class='logo-content' href='http://extentreports.relevantcodes.com'>
					<span>ExtentReports</span>
				</a>
				<a href='#' data-activates='slide-out' class='button-collapse hide-on-large-only'><i class='mdi-navigation-apps'></i></a>
			</div>
			<ul id='slide-out' class='side-nav fixed hide-on-med-and-down'>
				<li class='analysis waves-effect active'><a href='#!' class='test-view' onclick="_updateCurrentStage(0)"><i class='mdi-action-dashboard'></i>Test Details</a></li>
					<li class='analysis waves-effect'><a href='#!' class='categories-view' onclick="_updateCurrentStage(1)"><i class='mdi-maps-local-offer'></i>Categories</a></li>
				<li class='analysis waves-effect'>
					<a href='#!' onclick="_updateCurrentStage(-1)" class='dashboard-view'><i class='mdi-action-track-changes'></i></i>Analysis</a>
				</li>
			</ul>
			<span class='report-name'>Automation Report</span> <span class='report-headline'></span>
			<ul class='right hide-on-med-and-down nav-right'>
				<li class='theme-selector' alt='Click to toggle dark theme. To enable by default, use js configuration $("body").addClass("dark");' title='Click to toggle dark theme. To enable by default, use js configuration $("body").addClass("dark");'>
					<i class='mdi-hardware-desktop-windows'></i>
				</li>
				<li>
					<span class='suite-started-time'>2022-06-22 19:56:34</span>
				</li>
				<li>
					<span>v2.41.1</span>
				</li>
			</ul>
		</nav>
		<!-- /nav -->
		
		<!-- container -->
		<div class='container'>
			
			<!-- dashboard -->
			<div id='dashboard-view' class='row'>
				<div class='time-totals'>
					<div class='col l2 m4 s6'>
						<div class='card suite-total-tests'> 
							<span class='panel-name'>Total Tests</span> 
							<span class='total-tests'> <span class='panel-lead'></span> </span> 
						</div> 
					</div>
					<div class='col l2 m4 s6'>
						<div class='card suite-total-steps'> 
							<span class='panel-name'>Total Steps</span> 
							<span class='total-steps'> <span class='panel-lead'></span> </span> 
						</div> 
					</div>
					<div class='col l2 m4 s12'>
						<div class='card suite-total-time-current'> 
							<span class='panel-name'>Total Time Taken (Current Run)</span> 
							<span class='suite-total-time-current-value panel-lead'>0h 2m 51s+506ms</span> 
						</div> 
					</div>
					<div class='col l2 m4 s12'>
						<div class='card suite-total-time-overall'> 
							<span class='panel-name'>Total Time Taken (Overall)</span> 
							<span class='suite-total-time-overall-value panel-lead'>0h 2m 51s+506ms</span> 
						</div> 
					</div>
					<div class='col l2 m4 s6 suite-start-time'>
						<div class='card accent green-accent'> 
							<span class='panel-name'>Start</span> 
							<span class='panel-lead suite-started-time'>2022-06-22 19:53:42</span> 
						</div> 
					</div>
					<div class='col l2 m4 s6 suite-end-time'>
						<div class='card accent pink-accent'> 
							<span class='panel-name'>End</span> 
							<span class='panel-lead suite-ended-time'>2022-06-22 19:56:34</span> 
						</div> 
					</div>
				</div>
				<div class='charts'>
					<div class='col s12 m6 l4 fh'> 
						<div class='card-panel'> 
							<div>
								<span class='panel-name'>Tests View</span>
							</div> 
							<div class='panel-setting modal-trigger test-count-setting right'>
								<a href='#test-count-setting'><i class='mdi-navigation-more-vert text-md'></i></a>
							</div> 
							<div class='chart-box'>
								<canvas class='text-centered' id='test-analysis'></canvas>
							</div> 
							<div>
								<span class='weight-light'><span class='t-pass-count weight-normal'></span> test(s) passed</span>
							</div> 
							<div>
								<span class='weight-light'><span class='t-fail-count weight-normal'></span> test(s) failed, <span class='t-others-count weight-normal'></span> others</span>
							</div> 
						</div> 
					</div> 
					<div class='col s12 m6 l4 fh'> 
						<div class='card-panel'> 
							<div>
								<span class='panel-name'>Steps View</span>
							</div> 
							<div class='panel-setting modal-trigger step-status-filter right'>
								<a href='#step-status-filter'><i class='mdi-navigation-more-vert text-md'></i></a>
							</div> 
							<div class='chart-box'>
								<canvas class='text-centered' id='step-analysis'></canvas>
							</div> 
							<div>
								<span class='weight-light'><span class='s-pass-count weight-normal'></span> step(s) passed </span>
							</div> 
							<div>
								<span class='weight-light'><span class='s-fail-count weight-normal'></span> step(s) failed, <span class='s-others-count weight-normal'></span> others</span>
							</div> 
						</div> 
					</div>
					<div class='col s12 m12 l4 fh'> 
						<div class='card-panel'> 
							<span class='panel-name'>Pass Percentage</span> 
							<span class='pass-percentage panel-lead'></span> 
							<div class='progress light-blue lighten-3'> 
								<div class='determinate light-blue'></div> 
							</div> 
						</div> 
					</div>
				</div>
				<div class='system-view'>
					<div class='col l4 m12 s12'>
						<div class='card-panel'>
							<span class='label info outline right'>Environment</span>
							<table>
								<thead>
									<tr>
										<th>Param</th>
										<th>Value</th>
									</tr>
								</thead>
								<tbody>
										<tr>
											<td>User Name</td>
											<td>kevinschool</td>
										</tr>
										<tr>
											<td>OS</td>
											<td>Mac OS X</td>
										</tr>
										<tr>
											<td>Java Version</td>
											<td>1.8.0_311</td>
										</tr>
										<tr>
											<td>Host Name</td>
											<td>PNT</td>
										</tr>
										<tr>
											<td>Environment</td>
											<td>QA</td>
										</tr>
								</tbody>
							</table>
						</div>
					</div>
				</div>
					<div class='category-summary-view'>
						<div class='col l4 m6 s12'>
							<div class='card-panel'>
								<span class='label info outline right'>Categories</span>
								<table>
									<thead>
										<tr>
											<th>Name</th>
										</tr>
									</thead>
									<tbody>
											<tr>
												<td>
													CustomerServiceTest
												</td>
											</tr>
									</tbody>
								</table>
							</div>
						</div>
					</div>
			</div>
			<!-- /dashboard -->
			
			<!-- tests -->
			<div id='test-view' class='row _addedTable'>
				<div class='col _addedCell1'>
					<div class='contents'>
						<div class='card-panel heading'>
							<h5>Tests</h5>
						</div>
						<div class='card-panel filters'>
							<div>
								<a class='dropdown-button btn-floating btn-small waves-effect waves-light grey tests-toggle' data-activates='tests-toggle' data-constrainwidth='true' data-beloworigin='true' data-hover='true' href='#'>
									<i class='mdi-action-reorder'></i>
								</a>
								<ul id='tests-toggle' class='dropdown-content'>
									<li class='pass'><a href='#!'>Pass</a></li>
									<li class='fail'><a href='#!'>Fail</a></li>
									<li class='skip'><a href='#!'>Skip</a></li>
									<li class='divider'></li>
									<li class='clear'><a href='#!'>Clear Filters</a></li>
								</ul>
							</div>
								<div>
									<a class='dropdown-button btn-floating btn-small waves-effect waves-light grey category-toggle' data-activates='category-toggle' data-constrainwidth='false' data-beloworigin='true' data-hover='true' href='#'>
										<i class='mdi-maps-local-offer'></i>
									</a>
									<ul id='category-toggle' class='dropdown-content'>
											<li class='CustomerServiceTest'><a href='#!'>CustomerServiceTest</a></li>
										<li class='divider'></li>
										<li class='clear'><a href='#!'>Clear Filters</a></li>
									</ul>
								</div>
							<div>
								<a class='btn-floating btn-small waves-effect waves-light grey' id='clear-filters' alt='Clear Filters' title='Clear Filters'>
									<i class='mdi-navigation-close'></i>
								</a>
							</div>
							<div>
								<a class='btn-floating btn-small waves-effect waves-light grey' id='enableDashboard' alt='Enable Dashboard' title='Enable Dashboard'>
									<i class='mdi-action-track-changes'></i>
								</a>
							</div>
							<div>
								<a class='btn-floating btn-small waves-effect waves-light blue enabled' id='refreshCharts' alt='Refresh Charts on Filters' title='Refresh Charts on Filters'>
									<i class='mdi-navigation-refresh'></i>
								</a>
							</div>
							<div class='search' alt='Search Tests' title='Search Tests'>
								<div class='input-field left'>
									<input id='searchTests' type='text' class='validate' placeholder='Search Tests...'>
								</div>
								<a href="#" class='btn-floating btn-small waves-effect waves-light grey'>
									<i class='mdi-action-search'></i>
								</a>
							</div>
						</div>
						<div class='card-panel no-padding-h no-padding-v no-margin-v'>
							<div class='wrapper'>
								<ul id='test-collection' class='test-collection'>
										<li class='collection-item test displayed active fail ' extentid='deb2a2c5-9051-48e0-8b23-fadcacd65bed'>
											<div class='test-head'>
												<span class='test-name'>chat </span>
												<span class='test-status label right outline capitalize fail'>fail</span>
												<span class='category-assigned hide  customerservicetest'></span>
											</div>
											<div class='test-body'>
												<div class='test-info'>
													<span title='Test started time' alt='Test started time' class='test-started-time label green lighten-1 text-white'>2022-06-22 19:53:55</span>
													<span title='Test ended time' alt='Test ended time' class='test-ended-time label red lighten-1 text-white'>2022-06-22 19:54:08</span>
													<span title='Time taken to finish' alt='Time taken to finish' class='test-time-taken label blue-grey lighten-3 text-white'>0h 0m 12s+147ms</span>
												</div>
												<div class='test-desc'></div>
												<div class='test-attributes'>
														<div class='categories'>
																<span class='category text-white'>CustomerServiceTest</span>
														</div>
												</div>
												<div class='test-steps'>
													<table class='bordered table-results'>
														<thead>
															<tr>
																<th>Status</th>
																<th>Timestamp</th>
																<th>Details</th>
															</tr>
														</thead>
														<tbody>
																<tr>
																	<td class='status fail' title='fail' alt='fail'><i class='mdi-navigation-cancel'></i></td>
																	<td class='timestamp'>19:54:08</td>
																	<td class='step-details'>org.openqa.selenium.NoSuchElementException: no such element: Unable to locate element: {"method":"xpath","selector":"//*[@id="rich-content-cec79980-9e81-11ec-9527-eb302958eddc"]/div"}
  (Session info: chrome=103.0.5060.53)
For documentation on this error, please visit: https://selenium.dev/exceptions/#no_such_element
Build info: version: '4.1.4', revision: '535d840ee2'
System info: host: 'Kevins-MBP-5', ip: 'fe80:0:0:0:cd2:7f1c:fa11:ab89%en0', os.name: 'Mac OS X', os.arch: 'x86_64', os.version: '10.16', java.version: '1.8.0_311'
Driver info: org.openqa.selenium.chrome.ChromeDriver
Command: [6ea97e1aa5772f94fcf69f2e4d89f5c6, findElement {using=xpath, value=//*[@id="rich-content-cec79980-9e81-11ec-9527-eb302958eddc"]/div}]
Capabilities {acceptInsecureCerts: false, browserName: chrome, browserVersion: 103.0.5060.53, chrome: {chromedriverVersion: 102.0.5005.61 (0e59bcc00cc4..., userDataDir: /var/folders/3r/d_ssrpd52dz...}, goog:chromeOptions: {debuggerAddress: localhost:63649}, javascriptEnabled: true, networkConnectionEnabled: false, pageLoadStrategy: normal, platform: MAC, platformName: MAC, proxy: Proxy(), se:cdp: ws://localhost:63649/devtoo..., se:cdpVersion: 103.0.5060.53, setWindowRect: true, strictFileInteractability: false, timeouts: {implicit: 0, pageLoad: 300000, script: 30000}, unhandledPromptBehavior: dismiss and notify, webauthn:extension:credBlob: true, webauthn:extension:largeBlob: true, webauthn:virtualAuthenticators: true}
Session ID: 6ea97e1aa5772f94fcf69f2e4d89f5c6
	at sun.reflect.NativeConstructorAccessorImpl.newInstance0(Native Method)
	at sun.reflect.NativeConstructorAccessorImpl.newInstance(NativeConstructorAccessorImpl.java:62)
	at sun.reflect.DelegatingConstructorAccessorImpl.newInstance(DelegatingConstructorAccessorImpl.java:45)
	at java.lang.reflect.Constructor.newInstance(Constructor.java:423)
	at org.openqa.selenium.remote.codec.w3c.W3CHttpResponseCodec.createException(W3CHttpResponseCodec.java:200)
	at org.openqa.selenium.remote.codec.w3c.W3CHttpResponseCodec.decode(W3CHttpResponseCodec.java:133)
	at org.openqa.selenium.remote.codec.w3c.W3CHttpResponseCodec.decode(W3CHttpResponseCodec.java:53)
	at org.openqa.selenium.remote.HttpCommandExecutor.execute(HttpCommandExecutor.java:184)
	at org.openqa.selenium.remote.service.DriverCommandExecutor.invokeExecute(DriverCommandExecutor.java:167)
	at org.openqa.selenium.remote.service.DriverCommandExecutor.execute(DriverCommandExecutor.java:142)
	at org.openqa.selenium.remote.RemoteWebDriver.execute(RemoteWebDriver.java:567)
	at org.openqa.selenium.remote.ElementLocation$ElementFinder$2.findElement(ElementLocation.java:162)
	at org.openqa.selenium.remote.ElementLocation.findElement(ElementLocation.java:60)
	at org.openqa.selenium.remote.RemoteWebDriver.findElement(RemoteWebDriver.java:385)
	at org.openqa.selenium.remote.RemoteWebDriver.findElement(RemoteWebDriver.java:377)
	at apps.bjs.CustomerServiceTest.chat(CustomerServiceTest.java:105)
	at sun.reflect.NativeMethodAccessorImpl.invoke0(Native Method)
	at sun.reflect.NativeMethodAccessorImpl.invoke(NativeMethodAccessorImpl.java:62)
	at sun.reflect.DelegatingMethodAccessorImpl.invoke(DelegatingMethodAccessorImpl.java:43)
	at java.lang.reflect.Method.invoke(Method.java:498)
	at org.testng.internal.MethodInvocationHelper.invokeMethod(MethodInvocationHelper.java:124)
	at org.testng.internal.Invoker.invokeMethod(Invoker.java:583)
	at org.testng.internal.Invoker.invokeTestMethod(Invoker.java:719)
	at org.testng.internal.Invoker.invokeTestMethods(Invoker.java:989)
	at org.testng.internal.TestMethodWorker.invokeTestMethods(TestMethodWorker.java:125)
	at org.testng.internal.TestMethodWorker.run(TestMethodWorker.java:109)
	at org.testng.TestRunner.privateRun(TestRunner.java:648)
	at org.testng.TestRunner.run(TestRunner.java:505)
	at org.testng.SuiteRunner.runTest(SuiteRunner.java:455)
	at org.testng.SuiteRunner.runSequentially(SuiteRunner.java:450)
	at org.testng.SuiteRunner.privateRun(SuiteRunner.java:415)
	at org.testng.SuiteRunner.run(SuiteRunner.java:364)
	at org.testng.SuiteRunnerWorker.runSuite(SuiteRunnerWorker.java:52)
	at org.testng.SuiteRunnerWorker.run(SuiteRunnerWorker.java:84)
	at org.testng.TestNG.runSuitesSequentially(TestNG.java:1208)
	at org.testng.TestNG.runSuitesLocally(TestNG.java:1137)
	at org.testng.TestNG.runSuites(TestNG.java:1049)
	at org.testng.TestNG.run(TestNG.java:1017)
	at com.intellij.rt.testng.IDEARemoteTestNG.run(IDEARemoteTestNG.java:66)
	at com.intellij.rt.testng.RemoteTestNGStarter.main(RemoteTestNGStarter.java:109)</td>
																</tr>
														</tbody>
													</table>
													<ul class='collapsible node-list' data-collapsible='accordion'>
													</ul>
												</div>
											</div>
										</li>
										<li class='collection-item test displayed active fail ' extentid='f20aecbd-fcdf-4baa-afb2-79c62b0d2cc7'>
											<div class='test-head'>
												<span class='test-name'>contactUs </span>
												<span class='test-status label right outline capitalize fail'>fail</span>
												<span class='category-assigned hide  customerservicetest'></span>
											</div>
											<div class='test-body'>
												<div class='test-info'>
													<span title='Test started time' alt='Test started time' class='test-started-time label green lighten-1 text-white'>2022-06-22 19:54:14</span>
													<span title='Test ended time' alt='Test ended time' class='test-ended-time label red lighten-1 text-white'>2022-06-22 19:54:26</span>
													<span title='Time taken to finish' alt='Time taken to finish' class='test-time-taken label blue-grey lighten-3 text-white'>0h 0m 11s+176ms</span>
												</div>
												<div class='test-desc'></div>
												<div class='test-attributes'>
														<div class='categories'>
																<span class='category text-white'>CustomerServiceTest</span>
														</div>
												</div>
												<div class='test-steps'>
													<table class='bordered table-results'>
														<thead>
															<tr>
																<th>Status</th>
																<th>Timestamp</th>
																<th>Details</th>
															</tr>
														</thead>
														<tbody>
																<tr>
																	<td class='status fail' title='fail' alt='fail'><i class='mdi-navigation-cancel'></i></td>
																	<td class='timestamp'>19:54:26</td>
																	<td class='step-details'>org.openqa.selenium.NoSuchElementException:
                                                                        no such element: Unable to locate element:
                                                                        {"method":"xpath","selector":"/html/body/div[7]/div/div[3]/div[1]/div[3]/div"}
                                                                        (Session info: chrome=103.0.5060.53)
                                                                        For documentation on this error, please visit:
                                                                        https://selenium.dev/exceptions/#no_such_element
                                                                        Build info: version: '4.1.4', revision:
                                                                        '535d840ee2'
                                                                        System info: host: 'Kevins-MBP-5', ip:
                                                                        'fe80:0:0:0:cd2:7f1c:fa11:ab89%en0', os.name:
                                                                        'Mac OS X', os.arch: 'x86_64', os.version:
                                                                        '10.16', java.version: '1.8.0_311'
                                                                        Driver info:
                                                                        org.openqa.selenium.chrome.ChromeDriver
                                                                        Command: [8e4806d804ca4136272697a60116e25c,
                                                                        findElement {using=xpath,
                                                                        value=/html/body/div[7]/div/div[3]/div[1]/div[3]/div}]
                                                                        Capabilities {acceptInsecureCerts: false,
                                                                        browserName: chrome, browserVersion:
                                                                        103.0.5060.53, chrome: {chromedriverVersion:
                                                                        102.0.5005.61 (0e59bcc00cc4..., userDataDir:
                                                                        /var/folders/3r/d_ssrpd52dz...},
                                                                        goog:chromeOptions: {debuggerAddress:
                                                                        localhost:63941}, javascriptEnabled: true,
                                                                        networkConnectionEnabled: false,
                                                                        pageLoadStrategy: normal, platform: MAC,
                                                                        platformName: MAC, proxy: Proxy(), se:cdp:
                                                                        ws://localhost:63941/devtoo..., se:cdpVersion:
                                                                        103.0.5060.53, setWindowRect: true,
                                                                        strictFileInteractability: false, timeouts:
                                                                        {implicit: 0, pageLoad: 300000, script: 30000},
                                                                        unhandledPromptBehavior: dismiss and notify,
                                                                        webauthn:extension:credBlob: true,
                                                                        webauthn:extension:largeBlob: true,
                                                                        webauthn:virtualAuthenticators: true}
                                                                        Session ID: 8e4806d804ca4136272697a60116e25c
                                                                        at
                                                                        sun.reflect.NativeConstructorAccessorImpl.newInstance0(Native
                                                                        Method)
                                                                        at
                                                                        sun.reflect.NativeConstructorAccessorImpl.newInstance(NativeConstructorAccessorImpl.java:62)
                                                                        at
                                                                        sun.reflect.DelegatingConstructorAccessorImpl.newInstance(DelegatingConstructorAccessorImpl.java:45)
                                                                        at
                                                                        java.lang.reflect.Constructor.newInstance(Constructor.java:423)
                                                                        at
                                                                        org.openqa.selenium.remote.codec.w3c.W3CHttpResponseCodec.createException(W3CHttpResponseCodec.java:200)
                                                                        at
                                                                        org.openqa.selenium.remote.codec.w3c.W3CHttpResponseCodec.decode(W3CHttpResponseCodec.java:133)
                                                                        at
                                                                        org.openqa.selenium.remote.codec.w3c.W3CHttpResponseCodec.decode(W3CHttpResponseCodec.java:53)
                                                                        at
                                                                        org.openqa.selenium.remote.HttpCommandExecutor.execute(HttpCommandExecutor.java:184)
                                                                        at
                                                                        org.openqa.selenium.remote.service.DriverCommandExecutor.invokeExecute(DriverCommandExecutor.java:167)
                                                                        at
                                                                        org.openqa.selenium.remote.service.DriverCommandExecutor.execute(DriverCommandExecutor.java:142)
                                                                        at
                                                                        org.openqa.selenium.remote.RemoteWebDriver.execute(RemoteWebDriver.java:567)
                                                                        at
                                                                        org.openqa.selenium.remote.ElementLocation$ElementFinder$2.findElement(ElementLocation.java:162)
                                                                        at
                                                                        org.openqa.selenium.remote.ElementLocation.findElement(ElementLocation.java:60)
                                                                        at
                                                                        org.openqa.selenium.remote.RemoteWebDriver.findElement(RemoteWebDriver.java:385)
                                                                        at
                                                                        org.openqa.selenium.remote.RemoteWebDriver.findElement(RemoteWebDriver.java:377)
                                                                        at
                                                                        org.openqa.selenium.support.pagefactory.DefaultElementLocator.findElement(DefaultElementLocator.java:70)
                                                                        at
                                                                        org.openqa.selenium.support.pagefactory.internal.LocatingElementHandler.invoke(LocatingElementHandler.java:39)
                                                                        at com.sun.proxy.$Proxy21.click(Unknown Source)
                                                                        at base.CommonAPI.click(CommonAPI.java:188)
                                                                        at
                                                                        pages.ebay.CustomerServicePage.clickCustomerServiceContactUsBtn(CustomerServicePage.java:87)
                                                                        at
                                                                        apps.bjs.CustomerServiceTest.contactUs(CustomerServiceTest.java:112)
                                                                        at
                                                                        sun.reflect.NativeMethodAccessorImpl.invoke0(Native
                                                                        Method)
                                                                        at
                                                                        sun.reflect.NativeMethodAccessorImpl.invoke(NativeMethodAccessorImpl.java:62)
                                                                        at
                                                                        sun.reflect.DelegatingMethodAccessorImpl.invoke(DelegatingMethodAccessorImpl.java:43)
                                                                        at
                                                                        java.lang.reflect.Method.invoke(Method.java:498)
                                                                        at
                                                                        org.testng.internal.MethodInvocationHelper.invokeMethod(MethodInvocationHelper.java:124)
                                                                        at
                                                                        org.testng.internal.Invoker.invokeMethod(Invoker.java:583)
                                                                        at
                                                                        org.testng.internal.Invoker.invokeTestMethod(Invoker.java:719)
                                                                        at
                                                                        org.testng.internal.Invoker.invokeTestMethods(Invoker.java:989)
                                                                        at
                                                                        org.testng.internal.TestMethodWorker.invokeTestMethods(TestMethodWorker.java:125)
                                                                        at
                                                                        org.testng.internal.TestMethodWorker.run(TestMethodWorker.java:109)
                                                                        at
                                                                        org.testng.TestRunner.privateRun(TestRunner.java:648)
                                                                        at
                                                                        org.testng.TestRunner.run(TestRunner.java:505)
                                                                        at
                                                                        org.testng.SuiteRunner.runTest(SuiteRunner.java:455)
                                                                        at
                                                                        org.testng.SuiteRunner.runSequentially(SuiteRunner.java:450)
                                                                        at
                                                                        org.testng.SuiteRunner.privateRun(SuiteRunner.java:415)
                                                                        at
                                                                        org.testng.SuiteRunner.run(SuiteRunner.java:364)
                                                                        at
                                                                        org.testng.SuiteRunnerWorker.runSuite(SuiteRunnerWorker.java:52)
                                                                        at
                                                                        org.testng.SuiteRunnerWorker.run(SuiteRunnerWorker.java:84)
                                                                        at
                                                                        org.testng.TestNG.runSuitesSequentially(TestNG.java:1208)
                                                                        at
                                                                        org.testng.TestNG.runSuitesLocally(TestNG.java:1137)
                                                                        at org.testng.TestNG.runSuites(TestNG.java:1049)
                                                                        at org.testng.TestNG.run(TestNG.java:1017)
                                                                        at
                                                                        com.intellij.rt.testng.IDEARemoteTestNG.run(IDEARemoteTestNG.java:66)
                                                                        at
                                                                        com.intellij.rt.testng.RemoteTestNGStarter.main(RemoteTestNGStarter.java:109)</td>
																</tr>
														</tbody>
													</table>
													<ul class='collapsible node-list' data-collapsible='accordion'>
													</ul>
												</div>
											</div>
										</li>
										<li class='collection-item test displayed active fail ' extentid='bf1bd613-a09e-4c4d-801b-84fc77bb72e1'>
											<div class='test-head'>
												<span class='test-name'>email </span>
												<span class='test-status label right outline capitalize fail'>fail</span>
												<span class='category-assigned hide  customerservicetest'></span>
											</div>
											<div class='test-body'>
												<div class='test-info'>
													<span title='Test started time' alt='Test started time' class='test-started-time label green lighten-1 text-white'>2022-06-22 19:54:33</span>
													<span title='Test ended time' alt='Test ended time' class='test-ended-time label red lighten-1 text-white'>2022-06-22 19:54:45</span>
													<span title='Time taken to finish' alt='Time taken to finish' class='test-time-taken label blue-grey lighten-3 text-white'>0h 0m 12s+183ms</span>
												</div>
												<div class='test-desc'></div>
												<div class='test-attributes'>
														<div class='categories'>
																<span class='category text-white'>CustomerServiceTest</span>
														</div>
												</div>
												<div class='test-steps'>
													<table class='bordered table-results'>
														<thead>
															<tr>
																<th>Status</th>
																<th>Timestamp</th>
																<th>Details</th>
															</tr>
														</thead>
														<tbody>
																<tr>
																	<td class='status fail' title='fail' alt='fail'><i class='mdi-navigation-cancel'></i></td>
																	<td class='timestamp'>19:54:45</td>
																	<td class='step-details'>org.openqa.selenium.NoSuchElementException: no such element: Unable to locate element: {"method":"css selector","selector":"Title-sc-10f4djx-0 lEoZF"}
  (Session info: chrome=103.0.5060.53)
For documentation on this error, please visit: https://selenium.dev/exceptions/#no_such_element
Build info: version: '4.1.4', revision: '535d840ee2'
System info: host: 'Kevins-MBP-5', ip: 'fe80:0:0:0:cd2:7f1c:fa11:ab89%en0', os.name: 'Mac OS X', os.arch: 'x86_64', os.version: '10.16', java.version: '1.8.0_311'
Driver info: org.openqa.selenium.chrome.ChromeDriver
Command: [626909a2e198b91f8a738d700e81a787, findElement {using=css selector, value=Title-sc-10f4djx-0 lEoZF}]
Capabilities {acceptInsecureCerts: false, browserName: chrome, browserVersion: 103.0.5060.53, chrome: {chromedriverVersion: 102.0.5005.61 (0e59bcc00cc4..., userDataDir: /var/folders/3r/d_ssrpd52dz...}, goog:chromeOptions: {debuggerAddress: localhost:64201}, javascriptEnabled: true, networkConnectionEnabled: false, pageLoadStrategy: normal, platform: MAC, platformName: MAC, proxy: Proxy(), se:cdp: ws://localhost:64201/devtoo..., se:cdpVersion: 103.0.5060.53, setWindowRect: true, strictFileInteractability: false, timeouts: {implicit: 0, pageLoad: 300000, script: 30000}, unhandledPromptBehavior: dismiss and notify, webauthn:extension:credBlob: true, webauthn:extension:largeBlob: true, webauthn:virtualAuthenticators: true}
Session ID: 626909a2e198b91f8a738d700e81a787
	at sun.reflect.NativeConstructorAccessorImpl.newInstance0(Native Method)
	at sun.reflect.NativeConstructorAccessorImpl.newInstance(NativeConstructorAccessorImpl.java:62)
	at sun.reflect.DelegatingConstructorAccessorImpl.newInstance(DelegatingConstructorAccessorImpl.java:45)
	at java.lang.reflect.Constructor.newInstance(Constructor.java:423)
	at org.openqa.selenium.remote.codec.w3c.W3CHttpResponseCodec.createException(W3CHttpResponseCodec.java:200)
	at org.openqa.selenium.remote.codec.w3c.W3CHttpResponseCodec.decode(W3CHttpResponseCodec.java:133)
	at org.openqa.selenium.remote.codec.w3c.W3CHttpResponseCodec.decode(W3CHttpResponseCodec.java:53)
	at org.openqa.selenium.remote.HttpCommandExecutor.execute(HttpCommandExecutor.java:184)
	at org.openqa.selenium.remote.service.DriverCommandExecutor.invokeExecute(DriverCommandExecutor.java:167)
	at org.openqa.selenium.remote.service.DriverCommandExecutor.execute(DriverCommandExecutor.java:142)
	at org.openqa.selenium.remote.RemoteWebDriver.execute(RemoteWebDriver.java:567)
	at org.openqa.selenium.remote.ElementLocation$ElementFinder$2.findElement(ElementLocation.java:162)
	at org.openqa.selenium.remote.ElementLocation.findElement(ElementLocation.java:60)
	at org.openqa.selenium.remote.RemoteWebDriver.findElement(RemoteWebDriver.java:385)
	at org.openqa.selenium.remote.RemoteWebDriver.findElement(RemoteWebDriver.java:377)
	at apps.bjs.CustomerServiceTest.email(CustomerServiceTest.java:95)
	at sun.reflect.NativeMethodAccessorImpl.invoke0(Native Method)
	at sun.reflect.NativeMethodAccessorImpl.invoke(NativeMethodAccessorImpl.java:62)
	at sun.reflect.DelegatingMethodAccessorImpl.invoke(DelegatingMethodAccessorImpl.java:43)
	at java.lang.reflect.Method.invoke(Method.java:498)
	at org.testng.internal.MethodInvocationHelper.invokeMethod(MethodInvocationHelper.java:124)
	at org.testng.internal.Invoker.invokeMethod(Invoker.java:583)
	at org.testng.internal.Invoker.invokeTestMethod(Invoker.java:719)
	at org.testng.internal.Invoker.invokeTestMethods(Invoker.java:989)
	at org.testng.internal.TestMethodWorker.invokeTestMethods(TestMethodWorker.java:125)
	at org.testng.internal.TestMethodWorker.run(TestMethodWorker.java:109)
	at org.testng.TestRunner.privateRun(TestRunner.java:648)
	at org.testng.TestRunner.run(TestRunner.java:505)
	at org.testng.SuiteRunner.runTest(SuiteRunner.java:455)
	at org.testng.SuiteRunner.runSequentially(SuiteRunner.java:450)
	at org.testng.SuiteRunner.privateRun(SuiteRunner.java:415)
	at org.testng.SuiteRunner.run(SuiteRunner.java:364)
	at org.testng.SuiteRunnerWorker.runSuite(SuiteRunnerWorker.java:52)
	at org.testng.SuiteRunnerWorker.run(SuiteRunnerWorker.java:84)
	at org.testng.TestNG.runSuitesSequentially(TestNG.java:1208)
	at org.testng.TestNG.runSuitesLocally(TestNG.java:1137)
	at org.testng.TestNG.runSuites(TestNG.java:1049)
	at org.testng.TestNG.run(TestNG.java:1017)
	at com.intellij.rt.testng.IDEARemoteTestNG.run(IDEARemoteTestNG.java:66)
	at com.intellij.rt.testng.RemoteTestNGStarter.main(RemoteTestNGStarter.java:109)</td>
																</tr>
														</tbody>
													</table>
													<ul class='collapsible node-list' data-collapsible='accordion'>
													</ul>
												</div>
											</div>
										</li>
										<li class='collection-item test displayed active fail ' extentid='33be2cf9-5625-464c-a354-6e2aad761bda'>
											<div class='test-head'>
												<span class='test-name'>inClub </span>
												<span class='test-status label right outline capitalize fail'>fail</span>
												<span class='category-assigned hide  customerservicetest'></span>
											</div>
											<div class='test-body'>
												<div class='test-info'>
													<span title='Test started time' alt='Test started time' class='test-started-time label green lighten-1 text-white'>2022-06-22 19:54:51</span>
													<span title='Test ended time' alt='Test ended time' class='test-ended-time label red lighten-1 text-white'>2022-06-22 19:55:02</span>
													<span title='Time taken to finish' alt='Time taken to finish' class='test-time-taken label blue-grey lighten-3 text-white'>0h 0m 11s+180ms</span>
												</div>
												<div class='test-desc'></div>
												<div class='test-attributes'>
														<div class='categories'>
																<span class='category text-white'>CustomerServiceTest</span>
														</div>
												</div>
												<div class='test-steps'>
													<table class='bordered table-results'>
														<thead>
															<tr>
																<th>Status</th>
																<th>Timestamp</th>
																<th>Details</th>
															</tr>
														</thead>
														<tbody>
																<tr>
																	<td class='status fail' title='fail' alt='fail'><i class='mdi-navigation-cancel'></i></td>
																	<td class='timestamp'>19:55:02</td>
																	<td class='step-details'>org.openqa.selenium.NoSuchElementException:
                                                                        no such element: Unable to locate element:
                                                                        {"method":"xpath","selector":"/html/body/div[7]/div/div[2]/div[8]/div"}
                                                                        (Session info: chrome=103.0.5060.53)
                                                                        For documentation on this error, please visit:
                                                                        https://selenium.dev/exceptions/#no_such_element
                                                                        Build info: version: '4.1.4', revision:
                                                                        '535d840ee2'
                                                                        System info: host: 'Kevins-MBP-5', ip:
                                                                        'fe80:0:0:0:cd2:7f1c:fa11:ab89%en0', os.name:
                                                                        'Mac OS X', os.arch: 'x86_64', os.version:
                                                                        '10.16', java.version: '1.8.0_311'
                                                                        Driver info:
                                                                        org.openqa.selenium.chrome.ChromeDriver
                                                                        Command: [b70355f1db0ccca722660ed7bf5857a4,
                                                                        findElement {using=xpath,
                                                                        value=/html/body/div[7]/div/div[2]/div[8]/div}]
                                                                        Capabilities {acceptInsecureCerts: false,
                                                                        browserName: chrome, browserVersion:
                                                                        103.0.5060.53, chrome: {chromedriverVersion:
                                                                        102.0.5005.61 (0e59bcc00cc4..., userDataDir:
                                                                        /var/folders/3r/d_ssrpd52dz...},
                                                                        goog:chromeOptions: {debuggerAddress:
                                                                        localhost:64463}, javascriptEnabled: true,
                                                                        networkConnectionEnabled: false,
                                                                        pageLoadStrategy: normal, platform: MAC,
                                                                        platformName: MAC, proxy: Proxy(), se:cdp:
                                                                        ws://localhost:64463/devtoo..., se:cdpVersion:
                                                                        103.0.5060.53, setWindowRect: true,
                                                                        strictFileInteractability: false, timeouts:
                                                                        {implicit: 0, pageLoad: 300000, script: 30000},
                                                                        unhandledPromptBehavior: dismiss and notify,
                                                                        webauthn:extension:credBlob: true,
                                                                        webauthn:extension:largeBlob: true,
                                                                        webauthn:virtualAuthenticators: true}
                                                                        Session ID: b70355f1db0ccca722660ed7bf5857a4
                                                                        at
                                                                        sun.reflect.NativeConstructorAccessorImpl.newInstance0(Native
                                                                        Method)
                                                                        at
                                                                        sun.reflect.NativeConstructorAccessorImpl.newInstance(NativeConstructorAccessorImpl.java:62)
                                                                        at
                                                                        sun.reflect.DelegatingConstructorAccessorImpl.newInstance(DelegatingConstructorAccessorImpl.java:45)
                                                                        at
                                                                        java.lang.reflect.Constructor.newInstance(Constructor.java:423)
                                                                        at
                                                                        org.openqa.selenium.remote.codec.w3c.W3CHttpResponseCodec.createException(W3CHttpResponseCodec.java:200)
                                                                        at
                                                                        org.openqa.selenium.remote.codec.w3c.W3CHttpResponseCodec.decode(W3CHttpResponseCodec.java:133)
                                                                        at
                                                                        org.openqa.selenium.remote.codec.w3c.W3CHttpResponseCodec.decode(W3CHttpResponseCodec.java:53)
                                                                        at
                                                                        org.openqa.selenium.remote.HttpCommandExecutor.execute(HttpCommandExecutor.java:184)
                                                                        at
                                                                        org.openqa.selenium.remote.service.DriverCommandExecutor.invokeExecute(DriverCommandExecutor.java:167)
                                                                        at
                                                                        org.openqa.selenium.remote.service.DriverCommandExecutor.execute(DriverCommandExecutor.java:142)
                                                                        at
                                                                        org.openqa.selenium.remote.RemoteWebDriver.execute(RemoteWebDriver.java:567)
                                                                        at
                                                                        org.openqa.selenium.remote.ElementLocation$ElementFinder$2.findElement(ElementLocation.java:162)
                                                                        at
                                                                        org.openqa.selenium.remote.ElementLocation.findElement(ElementLocation.java:60)
                                                                        at
                                                                        org.openqa.selenium.remote.RemoteWebDriver.findElement(RemoteWebDriver.java:385)
                                                                        at
                                                                        org.openqa.selenium.remote.RemoteWebDriver.findElement(RemoteWebDriver.java:377)
                                                                        at
                                                                        org.openqa.selenium.support.pagefactory.DefaultElementLocator.findElement(DefaultElementLocator.java:70)
                                                                        at
                                                                        org.openqa.selenium.support.pagefactory.internal.LocatingElementHandler.invoke(LocatingElementHandler.java:39)
                                                                        at com.sun.proxy.$Proxy21.click(Unknown Source)
                                                                        at base.CommonAPI.click(CommonAPI.java:188)
                                                                        at
                                                                        pages.ebay.CustomerServicePage.clickCustomerServiceInClubBtn(CustomerServicePage.java:79)
                                                                        at
                                                                        apps.bjs.CustomerServiceTest.inClub(CustomerServiceTest.java:84)
                                                                        at
                                                                        sun.reflect.NativeMethodAccessorImpl.invoke0(Native
                                                                        Method)
                                                                        at
                                                                        sun.reflect.NativeMethodAccessorImpl.invoke(NativeMethodAccessorImpl.java:62)
                                                                        at
                                                                        sun.reflect.DelegatingMethodAccessorImpl.invoke(DelegatingMethodAccessorImpl.java:43)
                                                                        at
                                                                        java.lang.reflect.Method.invoke(Method.java:498)
                                                                        at
                                                                        org.testng.internal.MethodInvocationHelper.invokeMethod(MethodInvocationHelper.java:124)
                                                                        at
                                                                        org.testng.internal.Invoker.invokeMethod(Invoker.java:583)
                                                                        at
                                                                        org.testng.internal.Invoker.invokeTestMethod(Invoker.java:719)
                                                                        at
                                                                        org.testng.internal.Invoker.invokeTestMethods(Invoker.java:989)
                                                                        at
                                                                        org.testng.internal.TestMethodWorker.invokeTestMethods(TestMethodWorker.java:125)
                                                                        at
                                                                        org.testng.internal.TestMethodWorker.run(TestMethodWorker.java:109)
                                                                        at
                                                                        org.testng.TestRunner.privateRun(TestRunner.java:648)
                                                                        at
                                                                        org.testng.TestRunner.run(TestRunner.java:505)
                                                                        at
                                                                        org.testng.SuiteRunner.runTest(SuiteRunner.java:455)
                                                                        at
                                                                        org.testng.SuiteRunner.runSequentially(SuiteRunner.java:450)
                                                                        at
                                                                        org.testng.SuiteRunner.privateRun(SuiteRunner.java:415)
                                                                        at
                                                                        org.testng.SuiteRunner.run(SuiteRunner.java:364)
                                                                        at
                                                                        org.testng.SuiteRunnerWorker.runSuite(SuiteRunnerWorker.java:52)
                                                                        at
                                                                        org.testng.SuiteRunnerWorker.run(SuiteRunnerWorker.java:84)
                                                                        at
                                                                        org.testng.TestNG.runSuitesSequentially(TestNG.java:1208)
                                                                        at
                                                                        org.testng.TestNG.runSuitesLocally(TestNG.java:1137)
                                                                        at org.testng.TestNG.runSuites(TestNG.java:1049)
                                                                        at org.testng.TestNG.run(TestNG.java:1017)
                                                                        at
                                                                        com.intellij.rt.testng.IDEARemoteTestNG.run(IDEARemoteTestNG.java:66)
                                                                        at
                                                                        com.intellij.rt.testng.RemoteTestNGStarter.main(RemoteTestNGStarter.java:109)</td>
																</tr>
														</tbody>
													</table>
													<ul class='collapsible node-list' data-collapsible='accordion'>
													</ul>
												</div>
											</div>
										</li>
										<li class='collection-item test displayed active fail ' extentid='ccc91636-ef9b-49a7-84cf-3287fdc3dc66'>
											<div class='test-head'>
												<span class='test-name'>membership </span>
												<span class='test-status label right outline capitalize fail'>fail</span>
												<span class='category-assigned hide  customerservicetest'></span>
											</div>
											<div class='test-body'>
												<div class='test-info'>
													<span title='Test started time' alt='Test started time' class='test-started-time label green lighten-1 text-white'>2022-06-22 19:55:10</span>
													<span title='Test ended time' alt='Test ended time' class='test-ended-time label red lighten-1 text-white'>2022-06-22 19:55:23</span>
													<span title='Time taken to finish' alt='Time taken to finish' class='test-time-taken label blue-grey lighten-3 text-white'>0h 0m 13s+171ms</span>
												</div>
												<div class='test-desc'></div>
												<div class='test-attributes'>
														<div class='categories'>
																<span class='category text-white'>CustomerServiceTest</span>
														</div>
												</div>
												<div class='test-steps'>
													<table class='bordered table-results'>
														<thead>
															<tr>
																<th>Status</th>
																<th>Timestamp</th>
																<th>Details</th>
															</tr>
														</thead>
														<tbody>
																<tr>
																	<td class='status fail' title='fail' alt='fail'><i class='mdi-navigation-cancel'></i></td>
																	<td class='timestamp'>19:55:23</td>
																	<td class='step-details'>org.openqa.selenium.NoSuchElementException: no such element: Unable to locate element: {"method":"xpath","selector":"/html/body/div[1]/div[2]/ul/li[1]/h2"}
  (Session info: chrome=103.0.5060.53)
For documentation on this error, please visit: https://selenium.dev/exceptions/#no_such_element
Build info: version: '4.1.4', revision: '535d840ee2'
System info: host: 'Kevins-MBP-5', ip: 'fe80:0:0:0:cd2:7f1c:fa11:ab89%en0', os.name: 'Mac OS X', os.arch: 'x86_64', os.version: '10.16', java.version: '1.8.0_311'
Driver info: org.openqa.selenium.chrome.ChromeDriver
Command: [a290dfb82013a1729723a3279b62c3df, findElement {using=xpath, value=/html/body/div[1]/div[2]/ul/li[1]/h2}]
Capabilities {acceptInsecureCerts: false, browserName: chrome, browserVersion: 103.0.5060.53, chrome: {chromedriverVersion: 102.0.5005.61 (0e59bcc00cc4..., userDataDir: /var/folders/3r/d_ssrpd52dz...}, goog:chromeOptions: {debuggerAddress: localhost:64718}, javascriptEnabled: true, networkConnectionEnabled: false, pageLoadStrategy: normal, platform: MAC, platformName: MAC, proxy: Proxy(), se:cdp: ws://localhost:64718/devtoo..., se:cdpVersion: 103.0.5060.53, setWindowRect: true, strictFileInteractability: false, timeouts: {implicit: 0, pageLoad: 300000, script: 30000}, unhandledPromptBehavior: dismiss and notify, webauthn:extension:credBlob: true, webauthn:extension:largeBlob: true, webauthn:virtualAuthenticators: true}
Session ID: a290dfb82013a1729723a3279b62c3df
	at sun.reflect.NativeConstructorAccessorImpl.newInstance0(Native Method)
	at sun.reflect.NativeConstructorAccessorImpl.newInstance(NativeConstructorAccessorImpl.java:62)
	at sun.reflect.DelegatingConstructorAccessorImpl.newInstance(DelegatingConstructorAccessorImpl.java:45)
	at java.lang.reflect.Constructor.newInstance(Constructor.java:423)
	at org.openqa.selenium.remote.codec.w3c.W3CHttpResponseCodec.createException(W3CHttpResponseCodec.java:200)
	at org.openqa.selenium.remote.codec.w3c.W3CHttpResponseCodec.decode(W3CHttpResponseCodec.java:133)
	at org.openqa.selenium.remote.codec.w3c.W3CHttpResponseCodec.decode(W3CHttpResponseCodec.java:53)
	at org.openqa.selenium.remote.HttpCommandExecutor.execute(HttpCommandExecutor.java:184)
	at org.openqa.selenium.remote.service.DriverCommandExecutor.invokeExecute(DriverCommandExecutor.java:167)
	at org.openqa.selenium.remote.service.DriverCommandExecutor.execute(DriverCommandExecutor.java:142)
	at org.openqa.selenium.remote.RemoteWebDriver.execute(RemoteWebDriver.java:567)
	at org.openqa.selenium.remote.ElementLocation$ElementFinder$2.findElement(ElementLocation.java:162)
	at org.openqa.selenium.remote.ElementLocation.findElement(ElementLocation.java:60)
	at org.openqa.selenium.remote.RemoteWebDriver.findElement(RemoteWebDriver.java:385)
	at org.openqa.selenium.remote.RemoteWebDriver.findElement(RemoteWebDriver.java:377)
	at apps.bjs.CustomerServiceTest.membership(CustomerServiceTest.java:18)
	at sun.reflect.NativeMethodAccessorImpl.invoke0(Native Method)
	at sun.reflect.NativeMethodAccessorImpl.invoke(NativeMethodAccessorImpl.java:62)
	at sun.reflect.DelegatingMethodAccessorImpl.invoke(DelegatingMethodAccessorImpl.java:43)
	at java.lang.reflect.Method.invoke(Method.java:498)
	at org.testng.internal.MethodInvocationHelper.invokeMethod(MethodInvocationHelper.java:124)
	at org.testng.internal.Invoker.invokeMethod(Invoker.java:583)
	at org.testng.internal.Invoker.invokeTestMethod(Invoker.java:719)
	at org.testng.internal.Invoker.invokeTestMethods(Invoker.java:989)
	at org.testng.internal.TestMethodWorker.invokeTestMethods(TestMethodWorker.java:125)
	at org.testng.internal.TestMethodWorker.run(TestMethodWorker.java:109)
	at org.testng.TestRunner.privateRun(TestRunner.java:648)
	at org.testng.TestRunner.run(TestRunner.java:505)
	at org.testng.SuiteRunner.runTest(SuiteRunner.java:455)
	at org.testng.SuiteRunner.runSequentially(SuiteRunner.java:450)
	at org.testng.SuiteRunner.privateRun(SuiteRunner.java:415)
	at org.testng.SuiteRunner.run(SuiteRunner.java:364)
	at org.testng.SuiteRunnerWorker.runSuite(SuiteRunnerWorker.java:52)
	at org.testng.SuiteRunnerWorker.run(SuiteRunnerWorker.java:84)
	at org.testng.TestNG.runSuitesSequentially(TestNG.java:1208)
	at org.testng.TestNG.runSuitesLocally(TestNG.java:1137)
	at org.testng.TestNG.runSuites(TestNG.java:1049)
	at org.testng.TestNG.run(TestNG.java:1017)
	at com.intellij.rt.testng.IDEARemoteTestNG.run(IDEARemoteTestNG.java:66)
	at com.intellij.rt.testng.RemoteTestNGStarter.main(RemoteTestNGStarter.java:109)</td>
																</tr>
														</tbody>
													</table>
													<ul class='collapsible node-list' data-collapsible='accordion'>
													</ul>
												</div>
											</div>
										</li>
										<li class='collection-item test displayed active pass ' extentid='66f63557-482c-4077-acca-57bbdbec68d2'>
											<div class='test-head'>
												<span class='test-name'>orders </span>
												<span class='test-status label right outline capitalize pass'>pass</span>
												<span class='category-assigned hide  customerservicetest'></span>
											</div>
											<div class='test-body'>
												<div class='test-info'>
													<span title='Test started time' alt='Test started time' class='test-started-time label green lighten-1 text-white'>2022-06-22 19:55:30</span>
													<span title='Test ended time' alt='Test ended time' class='test-ended-time label red lighten-1 text-white'>2022-06-22 19:55:34</span>
													<span title='Time taken to finish' alt='Time taken to finish' class='test-time-taken label blue-grey lighten-3 text-white'>0h 0m 4s+102ms</span>
												</div>
												<div class='test-desc'></div>
												<div class='test-attributes'>
														<div class='categories'>
																<span class='category text-white'>CustomerServiceTest</span>
														</div>
												</div>
												<div class='test-steps'>
													<table class='bordered table-results'>
														<thead>
															<tr>
																<th>Status</th>
																<th>Timestamp</th>
																<th>Details</th>
															</tr>
														</thead>
														<tbody>
																<tr>
																	<td class='status pass' title='pass' alt='pass'><i class='mdi-action-check-circle'></i></td>
																	<td class='timestamp'>19:55:34</td>
																	<td class='step-details'>Test Passed</td>
																</tr>
														</tbody>
													</table>
													<ul class='collapsible node-list' data-collapsible='accordion'>
													</ul>
												</div>
											</div>
										</li>
										<li class='collection-item test displayed active fail ' extentid='57e08be4-39ee-432b-a59f-53ebcd2d27d3'>
											<div class='test-head'>
												<span class='test-name'>payments </span>
												<span class='test-status label right outline capitalize fail'>fail</span>
												<span class='category-assigned hide  customerservicetest'></span>
											</div>
											<div class='test-body'>
												<div class='test-info'>
													<span title='Test started time' alt='Test started time' class='test-started-time label green lighten-1 text-white'>2022-06-22 19:55:41</span>
													<span title='Test ended time' alt='Test ended time' class='test-ended-time label red lighten-1 text-white'>2022-06-22 19:55:43</span>
													<span title='Time taken to finish' alt='Time taken to finish' class='test-time-taken label blue-grey lighten-3 text-white'>0h 0m 2s+194ms</span>
												</div>
												<div class='test-desc'></div>
												<div class='test-attributes'>
														<div class='categories'>
																<span class='category text-white'>CustomerServiceTest</span>
														</div>
												</div>
												<div class='test-steps'>
													<table class='bordered table-results'>
														<thead>
															<tr>
																<th>Status</th>
																<th>Timestamp</th>
																<th>Details</th>
															</tr>
														</thead>
														<tbody>
																<tr>
																	<td class='status fail' title='fail' alt='fail'><i class='mdi-navigation-cancel'></i></td>
																	<td class='timestamp'>19:55:43</td>
																	<td class='step-details'>org.openqa.selenium.WebDriverException:
                                                                        unknown error: cannot determine loading status
                                                                        from unknown error: unexpected command response
                                                                        (Session info: chrome=103.0.5060.53)
                                                                        Build info: version: '4.1.4', revision:
                                                                        '535d840ee2'
                                                                        System info: host: 'Kevins-MBP-5', ip:
                                                                        'fe80:0:0:0:cd2:7f1c:fa11:ab89%en0', os.name:
                                                                        'Mac OS X', os.arch: 'x86_64', os.version:
                                                                        '10.16', java.version: '1.8.0_311'
                                                                        Driver info:
                                                                        org.openqa.selenium.chrome.ChromeDriver
                                                                        Command: [a3770f6b9d5da357ed1362f77a3c1b4d,
                                                                        clickElement
                                                                        {id=a3aca2e4-160a-4fbd-94e4-d83bbfda39b3}]
                                                                        Capabilities {acceptInsecureCerts: false,
                                                                        browserName: chrome, browserVersion:
                                                                        103.0.5060.53, chrome: {chromedriverVersion:
                                                                        102.0.5005.61 (0e59bcc00cc4..., userDataDir:
                                                                        /var/folders/3r/d_ssrpd52dz...},
                                                                        goog:chromeOptions: {debuggerAddress:
                                                                        localhost:65208}, javascriptEnabled: true,
                                                                        networkConnectionEnabled: false,
                                                                        pageLoadStrategy: normal, platform: MAC,
                                                                        platformName: MAC, proxy: Proxy(), se:cdp:
                                                                        ws://localhost:65208/devtoo..., se:cdpVersion:
                                                                        103.0.5060.53, setWindowRect: true,
                                                                        strictFileInteractability: false, timeouts:
                                                                        {implicit: 0, pageLoad: 300000, script: 30000},
                                                                        unhandledPromptBehavior: dismiss and notify,
                                                                        webauthn:extension:credBlob: true,
                                                                        webauthn:extension:largeBlob: true,
                                                                        webauthn:virtualAuthenticators: true}
                                                                        Element: [[ChromeDriver: chrome on MAC
                                                                        (a3770f6b9d5da357ed1362f77a3c1b4d)] -> xpath:
                                                                        /html/body/div[7]/div/div[2]/div[7]/div]
                                                                        Session ID: a3770f6b9d5da357ed1362f77a3c1b4d
                                                                        at
                                                                        sun.reflect.NativeConstructorAccessorImpl.newInstance0(Native
                                                                        Method)
                                                                        at
                                                                        sun.reflect.NativeConstructorAccessorImpl.newInstance(NativeConstructorAccessorImpl.java:62)
                                                                        at
                                                                        sun.reflect.DelegatingConstructorAccessorImpl.newInstance(DelegatingConstructorAccessorImpl.java:45)
                                                                        at
                                                                        java.lang.reflect.Constructor.newInstance(Constructor.java:423)
                                                                        at
                                                                        org.openqa.selenium.remote.codec.w3c.W3CHttpResponseCodec.createException(W3CHttpResponseCodec.java:200)
                                                                        at
                                                                        org.openqa.selenium.remote.codec.w3c.W3CHttpResponseCodec.decode(W3CHttpResponseCodec.java:133)
                                                                        at
                                                                        org.openqa.selenium.remote.codec.w3c.W3CHttpResponseCodec.decode(W3CHttpResponseCodec.java:53)
                                                                        at
                                                                        org.openqa.selenium.remote.HttpCommandExecutor.execute(HttpCommandExecutor.java:184)
                                                                        at
                                                                        org.openqa.selenium.remote.service.DriverCommandExecutor.invokeExecute(DriverCommandExecutor.java:167)
                                                                        at
                                                                        org.openqa.selenium.remote.service.DriverCommandExecutor.execute(DriverCommandExecutor.java:142)
                                                                        at
                                                                        org.openqa.selenium.remote.RemoteWebDriver.execute(RemoteWebDriver.java:567)
                                                                        at
                                                                        org.openqa.selenium.remote.RemoteWebElement.execute(RemoteWebElement.java:251)
                                                                        at
                                                                        org.openqa.selenium.remote.RemoteWebElement.click(RemoteWebElement.java:77)
                                                                        at
                                                                        sun.reflect.NativeMethodAccessorImpl.invoke0(Native
                                                                        Method)
                                                                        at
                                                                        sun.reflect.NativeMethodAccessorImpl.invoke(NativeMethodAccessorImpl.java:62)
                                                                        at
                                                                        sun.reflect.DelegatingMethodAccessorImpl.invoke(DelegatingMethodAccessorImpl.java:43)
                                                                        at
                                                                        java.lang.reflect.Method.invoke(Method.java:498)
                                                                        at
                                                                        org.openqa.selenium.support.pagefactory.internal.LocatingElementHandler.invoke(LocatingElementHandler.java:52)
                                                                        at com.sun.proxy.$Proxy21.click(Unknown Source)
                                                                        at base.CommonAPI.click(CommonAPI.java:188)
                                                                        at
                                                                        pages.ebay.CustomerServicePage.clickCustomerServicePaymentsBtn(CustomerServicePage.java:71)
                                                                        at
                                                                        apps.bjs.CustomerServiceTest.payments(CustomerServiceTest.java:74)
                                                                        at
                                                                        sun.reflect.NativeMethodAccessorImpl.invoke0(Native
                                                                        Method)
                                                                        at
                                                                        sun.reflect.NativeMethodAccessorImpl.invoke(NativeMethodAccessorImpl.java:62)
                                                                        at
                                                                        sun.reflect.DelegatingMethodAccessorImpl.invoke(DelegatingMethodAccessorImpl.java:43)
                                                                        at
                                                                        java.lang.reflect.Method.invoke(Method.java:498)
                                                                        at
                                                                        org.testng.internal.MethodInvocationHelper.invokeMethod(MethodInvocationHelper.java:124)
                                                                        at
                                                                        org.testng.internal.Invoker.invokeMethod(Invoker.java:583)
                                                                        at
                                                                        org.testng.internal.Invoker.invokeTestMethod(Invoker.java:719)
                                                                        at
                                                                        org.testng.internal.Invoker.invokeTestMethods(Invoker.java:989)
                                                                        at
                                                                        org.testng.internal.TestMethodWorker.invokeTestMethods(TestMethodWorker.java:125)
                                                                        at
                                                                        org.testng.internal.TestMethodWorker.run(TestMethodWorker.java:109)
                                                                        at
                                                                        org.testng.TestRunner.privateRun(TestRunner.java:648)
                                                                        at
                                                                        org.testng.TestRunner.run(TestRunner.java:505)
                                                                        at
                                                                        org.testng.SuiteRunner.runTest(SuiteRunner.java:455)
                                                                        at
                                                                        org.testng.SuiteRunner.runSequentially(SuiteRunner.java:450)
                                                                        at
                                                                        org.testng.SuiteRunner.privateRun(SuiteRunner.java:415)
                                                                        at
                                                                        org.testng.SuiteRunner.run(SuiteRunner.java:364)
                                                                        at
                                                                        org.testng.SuiteRunnerWorker.runSuite(SuiteRunnerWorker.java:52)
                                                                        at
                                                                        org.testng.SuiteRunnerWorker.run(SuiteRunnerWorker.java:84)
                                                                        at
                                                                        org.testng.TestNG.runSuitesSequentially(TestNG.java:1208)
                                                                        at
                                                                        org.testng.TestNG.runSuitesLocally(TestNG.java:1137)
                                                                        at org.testng.TestNG.runSuites(TestNG.java:1049)
                                                                        at org.testng.TestNG.run(TestNG.java:1017)
                                                                        at
                                                                        com.intellij.rt.testng.IDEARemoteTestNG.run(IDEARemoteTestNG.java:66)
                                                                        at
                                                                        com.intellij.rt.testng.RemoteTestNGStarter.main(RemoteTestNGStarter.java:109)</td>
																</tr>
														</tbody>
													</table>
													<ul class='collapsible node-list' data-collapsible='accordion'>
													</ul>
												</div>
											</div>
										</li>
										<li class='collection-item test displayed active fail ' extentid='0ce54f39-5809-4d90-9942-2f7b5597b5e3'>
											<div class='test-head'>
												<span class='test-name'>perksRewards </span>
												<span class='test-status label right outline capitalize fail'>fail</span>
												<span class='category-assigned hide  customerservicetest'></span>
											</div>
											<div class='test-body'>
												<div class='test-info'>
													<span title='Test started time' alt='Test started time' class='test-started-time label green lighten-1 text-white'>2022-06-22 19:55:49</span>
													<span title='Test ended time' alt='Test ended time' class='test-ended-time label red lighten-1 text-white'>2022-06-22 19:56:00</span>
													<span title='Time taken to finish' alt='Time taken to finish' class='test-time-taken label blue-grey lighten-3 text-white'>0h 0m 11s+1ms</span>
												</div>
												<div class='test-desc'></div>
												<div class='test-attributes'>
														<div class='categories'>
																<span class='category text-white'>CustomerServiceTest</span>
														</div>
												</div>
												<div class='test-steps'>
													<table class='bordered table-results'>
														<thead>
															<tr>
																<th>Status</th>
																<th>Timestamp</th>
																<th>Details</th>
															</tr>
														</thead>
														<tbody>
																<tr>
																	<td class='status fail' title='fail' alt='fail'><i class='mdi-navigation-cancel'></i></td>
																	<td class='timestamp'>19:56:00</td>
																	<td class='step-details'>org.openqa.selenium.NoSuchElementException:
                                                                        no such element: Unable to locate element:
                                                                        {"method":"xpath","selector":"/html/body/div[7]/div/div[2]/div[5]/div"}
                                                                        (Session info: chrome=103.0.5060.53)
                                                                        For documentation on this error, please visit:
                                                                        https://selenium.dev/exceptions/#no_such_element
                                                                        Build info: version: '4.1.4', revision:
                                                                        '535d840ee2'
                                                                        System info: host: 'Kevins-MBP-5', ip:
                                                                        'fe80:0:0:0:cd2:7f1c:fa11:ab89%en0', os.name:
                                                                        'Mac OS X', os.arch: 'x86_64', os.version:
                                                                        '10.16', java.version: '1.8.0_311'
                                                                        Driver info:
                                                                        org.openqa.selenium.chrome.ChromeDriver
                                                                        Command: [9b12eec61e1e62aa4c2a99ae6bb9b708,
                                                                        findElement {using=xpath,
                                                                        value=/html/body/div[7]/div/div[2]/div[5]/div}]
                                                                        Capabilities {acceptInsecureCerts: false,
                                                                        browserName: chrome, browserVersion:
                                                                        103.0.5060.53, chrome: {chromedriverVersion:
                                                                        102.0.5005.61 (0e59bcc00cc4..., userDataDir:
                                                                        /var/folders/3r/d_ssrpd52dz...},
                                                                        goog:chromeOptions: {debuggerAddress:
                                                                        localhost:65432}, javascriptEnabled: true,
                                                                        networkConnectionEnabled: false,
                                                                        pageLoadStrategy: normal, platform: MAC,
                                                                        platformName: MAC, proxy: Proxy(), se:cdp:
                                                                        ws://localhost:65432/devtoo..., se:cdpVersion:
                                                                        103.0.5060.53, setWindowRect: true,
                                                                        strictFileInteractability: false, timeouts:
                                                                        {implicit: 0, pageLoad: 300000, script: 30000},
                                                                        unhandledPromptBehavior: dismiss and notify,
                                                                        webauthn:extension:credBlob: true,
                                                                        webauthn:extension:largeBlob: true,
                                                                        webauthn:virtualAuthenticators: true}
                                                                        Session ID: 9b12eec61e1e62aa4c2a99ae6bb9b708
                                                                        at
                                                                        sun.reflect.NativeConstructorAccessorImpl.newInstance0(Native
                                                                        Method)
                                                                        at
                                                                        sun.reflect.NativeConstructorAccessorImpl.newInstance(NativeConstructorAccessorImpl.java:62)
                                                                        at
                                                                        sun.reflect.DelegatingConstructorAccessorImpl.newInstance(DelegatingConstructorAccessorImpl.java:45)
                                                                        at
                                                                        java.lang.reflect.Constructor.newInstance(Constructor.java:423)
                                                                        at
                                                                        org.openqa.selenium.remote.codec.w3c.W3CHttpResponseCodec.createException(W3CHttpResponseCodec.java:200)
                                                                        at
                                                                        org.openqa.selenium.remote.codec.w3c.W3CHttpResponseCodec.decode(W3CHttpResponseCodec.java:133)
                                                                        at
                                                                        org.openqa.selenium.remote.codec.w3c.W3CHttpResponseCodec.decode(W3CHttpResponseCodec.java:53)
                                                                        at
                                                                        org.openqa.selenium.remote.HttpCommandExecutor.execute(HttpCommandExecutor.java:184)
                                                                        at
                                                                        org.openqa.selenium.remote.service.DriverCommandExecutor.invokeExecute(DriverCommandExecutor.java:167)
                                                                        at
                                                                        org.openqa.selenium.remote.service.DriverCommandExecutor.execute(DriverCommandExecutor.java:142)
                                                                        at
                                                                        org.openqa.selenium.remote.RemoteWebDriver.execute(RemoteWebDriver.java:567)
                                                                        at
                                                                        org.openqa.selenium.remote.ElementLocation$ElementFinder$2.findElement(ElementLocation.java:162)
                                                                        at
                                                                        org.openqa.selenium.remote.ElementLocation.findElement(ElementLocation.java:60)
                                                                        at
                                                                        org.openqa.selenium.remote.RemoteWebDriver.findElement(RemoteWebDriver.java:385)
                                                                        at
                                                                        org.openqa.selenium.remote.RemoteWebDriver.findElement(RemoteWebDriver.java:377)
                                                                        at
                                                                        org.openqa.selenium.support.pagefactory.DefaultElementLocator.findElement(DefaultElementLocator.java:70)
                                                                        at
                                                                        org.openqa.selenium.support.pagefactory.internal.LocatingElementHandler.invoke(LocatingElementHandler.java:39)
                                                                        at com.sun.proxy.$Proxy21.click(Unknown Source)
                                                                        at base.CommonAPI.click(CommonAPI.java:188)
                                                                        at
                                                                        pages.ebay.CustomerServicePage.clickCustomerServicePerksRewardsBtn(CustomerServicePage.java:63)
                                                                        at
                                                                        apps.bjs.CustomerServiceTest.perksRewards(CustomerServiceTest.java:56)
                                                                        at
                                                                        sun.reflect.NativeMethodAccessorImpl.invoke0(Native
                                                                        Method)
                                                                        at
                                                                        sun.reflect.NativeMethodAccessorImpl.invoke(NativeMethodAccessorImpl.java:62)
                                                                        at
                                                                        sun.reflect.DelegatingMethodAccessorImpl.invoke(DelegatingMethodAccessorImpl.java:43)
                                                                        at
                                                                        java.lang.reflect.Method.invoke(Method.java:498)
                                                                        at
                                                                        org.testng.internal.MethodInvocationHelper.invokeMethod(MethodInvocationHelper.java:124)
                                                                        at
                                                                        org.testng.internal.Invoker.invokeMethod(Invoker.java:583)
                                                                        at
                                                                        org.testng.internal.Invoker.invokeTestMethod(Invoker.java:719)
                                                                        at
                                                                        org.testng.internal.Invoker.invokeTestMethods(Invoker.java:989)
                                                                        at
                                                                        org.testng.internal.TestMethodWorker.invokeTestMethods(TestMethodWorker.java:125)
                                                                        at
                                                                        org.testng.internal.TestMethodWorker.run(TestMethodWorker.java:109)
                                                                        at
                                                                        org.testng.TestRunner.privateRun(TestRunner.java:648)
                                                                        at
                                                                        org.testng.TestRunner.run(TestRunner.java:505)
                                                                        at
                                                                        org.testng.SuiteRunner.runTest(SuiteRunner.java:455)
                                                                        at
                                                                        org.testng.SuiteRunner.runSequentially(SuiteRunner.java:450)
                                                                        at
                                                                        org.testng.SuiteRunner.privateRun(SuiteRunner.java:415)
                                                                        at
                                                                        org.testng.SuiteRunner.run(SuiteRunner.java:364)
                                                                        at
                                                                        org.testng.SuiteRunnerWorker.runSuite(SuiteRunnerWorker.java:52)
                                                                        at
                                                                        org.testng.SuiteRunnerWorker.run(SuiteRunnerWorker.java:84)
                                                                        at
                                                                        org.testng.TestNG.runSuitesSequentially(TestNG.java:1208)
                                                                        at
                                                                        org.testng.TestNG.runSuitesLocally(TestNG.java:1137)
                                                                        at org.testng.TestNG.runSuites(TestNG.java:1049)
                                                                        at org.testng.TestNG.run(TestNG.java:1017)
                                                                        at
                                                                        com.intellij.rt.testng.IDEARemoteTestNG.run(IDEARemoteTestNG.java:66)
                                                                        at
                                                                        com.intellij.rt.testng.RemoteTestNGStarter.main(RemoteTestNGStarter.java:109)</td>
																</tr>
														</tbody>
													</table>
													<ul class='collapsible node-list' data-collapsible='accordion'>
													</ul>
												</div>
											</div>
										</li>
										<li class='collection-item test displayed active pass ' extentid='45ce7e26-b4fb-4000-888a-7a39030d281b'>
											<div class='test-head'>
												<span class='test-name'>quickLinks </span>
												<span class='test-status label right outline capitalize pass'>pass</span>
												<span class='category-assigned hide  customerservicetest'></span>
											</div>
											<div class='test-body'>
												<div class='test-info'>
													<span title='Test started time' alt='Test started time' class='test-started-time label green lighten-1 text-white'>2022-06-22 19:56:08</span>
													<span title='Test ended time' alt='Test ended time' class='test-ended-time label red lighten-1 text-white'>2022-06-22 19:56:11</span>
													<span title='Time taken to finish' alt='Time taken to finish' class='test-time-taken label blue-grey lighten-3 text-white'>0h 0m 3s+130ms</span>
												</div>
												<div class='test-desc'></div>
												<div class='test-attributes'>
														<div class='categories'>
																<span class='category text-white'>CustomerServiceTest</span>
														</div>
												</div>
												<div class='test-steps'>
													<table class='bordered table-results'>
														<thead>
															<tr>
																<th>Status</th>
																<th>Timestamp</th>
																<th>Details</th>
															</tr>
														</thead>
														<tbody>
																<tr>
																	<td class='status pass' title='pass' alt='pass'><i class='mdi-action-check-circle'></i></td>
																	<td class='timestamp'>19:56:11</td>
																	<td class='step-details'>Test Passed</td>
																</tr>
														</tbody>
													</table>
													<ul class='collapsible node-list' data-collapsible='accordion'>
													</ul>
												</div>
											</div>
										</li>
										<li class='collection-item test displayed active fail ' extentid='1d8e7469-11c5-4217-893a-56f5506301fe'>
											<div class='test-head'>
												<span class='test-name'>services </span>
												<span class='test-status label right outline capitalize fail'>fail</span>
												<span class='category-assigned hide  customerservicetest'></span>
											</div>
											<div class='test-body'>
												<div class='test-info'>
													<span title='Test started time' alt='Test started time' class='test-started-time label green lighten-1 text-white'>2022-06-22 19:56:22</span>
													<span title='Test ended time' alt='Test ended time' class='test-ended-time label red lighten-1 text-white'>2022-06-22 19:56:24</span>
													<span title='Time taken to finish' alt='Time taken to finish' class='test-time-taken label blue-grey lighten-3 text-white'>0h 0m 1s+885ms</span>
												</div>
												<div class='test-desc'></div>
												<div class='test-attributes'>
														<div class='categories'>
																<span class='category text-white'>CustomerServiceTest</span>
														</div>
												</div>
												<div class='test-steps'>
													<table class='bordered table-results'>
														<thead>
															<tr>
																<th>Status</th>
																<th>Timestamp</th>
																<th>Details</th>
															</tr>
														</thead>
														<tbody>
																<tr>
																	<td class='status fail' title='fail' alt='fail'><i class='mdi-navigation-cancel'></i></td>
																	<td class='timestamp'>19:56:24</td>
																	<td class='step-details'>org.openqa.selenium.WebDriverException:
                                                                        unknown error: cannot determine loading status
                                                                        from unknown error: unexpected command response
                                                                        (Session info: chrome=103.0.5060.53)
                                                                        Build info: version: '4.1.4', revision:
                                                                        '535d840ee2'
                                                                        System info: host: 'Kevins-MBP-5', ip:
                                                                        'fe80:0:0:0:cd2:7f1c:fa11:ab89%en0', os.name:
                                                                        'Mac OS X', os.arch: 'x86_64', os.version:
                                                                        '10.16', java.version: '1.8.0_311'
                                                                        Driver info:
                                                                        org.openqa.selenium.chrome.ChromeDriver
                                                                        Command: [4e36a78507a8efa6673b1ab53c1f2819,
                                                                        clickElement
                                                                        {id=13e479a5-7a79-46ad-b68e-8138c32a9509}]
                                                                        Capabilities {acceptInsecureCerts: false,
                                                                        browserName: chrome, browserVersion:
                                                                        103.0.5060.53, chrome: {chromedriverVersion:
                                                                        102.0.5005.61 (0e59bcc00cc4..., userDataDir:
                                                                        /var/folders/3r/d_ssrpd52dz...},
                                                                        goog:chromeOptions: {debuggerAddress:
                                                                        localhost:49533}, javascriptEnabled: true,
                                                                        networkConnectionEnabled: false,
                                                                        pageLoadStrategy: normal, platform: MAC,
                                                                        platformName: MAC, proxy: Proxy(), se:cdp:
                                                                        ws://localhost:49533/devtoo..., se:cdpVersion:
                                                                        103.0.5060.53, setWindowRect: true,
                                                                        strictFileInteractability: false, timeouts:
                                                                        {implicit: 0, pageLoad: 300000, script: 30000},
                                                                        unhandledPromptBehavior: dismiss and notify,
                                                                        webauthn:extension:credBlob: true,
                                                                        webauthn:extension:largeBlob: true,
                                                                        webauthn:virtualAuthenticators: true}
                                                                        Element: [[ChromeDriver: chrome on MAC
                                                                        (4e36a78507a8efa6673b1ab53c1f2819)] -> xpath:
                                                                        /html/body/div[7]/div/div[2]/div[3]/div]
                                                                        Session ID: 4e36a78507a8efa6673b1ab53c1f2819
                                                                        at
                                                                        sun.reflect.NativeConstructorAccessorImpl.newInstance0(Native
                                                                        Method)
                                                                        at
                                                                        sun.reflect.NativeConstructorAccessorImpl.newInstance(NativeConstructorAccessorImpl.java:62)
                                                                        at
                                                                        sun.reflect.DelegatingConstructorAccessorImpl.newInstance(DelegatingConstructorAccessorImpl.java:45)
                                                                        at
                                                                        java.lang.reflect.Constructor.newInstance(Constructor.java:423)
                                                                        at
                                                                        org.openqa.selenium.remote.codec.w3c.W3CHttpResponseCodec.createException(W3CHttpResponseCodec.java:200)
                                                                        at
                                                                        org.openqa.selenium.remote.codec.w3c.W3CHttpResponseCodec.decode(W3CHttpResponseCodec.java:133)
                                                                        at
                                                                        org.openqa.selenium.remote.codec.w3c.W3CHttpResponseCodec.decode(W3CHttpResponseCodec.java:53)
                                                                        at
                                                                        org.openqa.selenium.remote.HttpCommandExecutor.execute(HttpCommandExecutor.java:184)
                                                                        at
                                                                        org.openqa.selenium.remote.service.DriverCommandExecutor.invokeExecute(DriverCommandExecutor.java:167)
                                                                        at
                                                                        org.openqa.selenium.remote.service.DriverCommandExecutor.execute(DriverCommandExecutor.java:142)
                                                                        at
                                                                        org.openqa.selenium.remote.RemoteWebDriver.execute(RemoteWebDriver.java:567)
                                                                        at
                                                                        org.openqa.selenium.remote.RemoteWebElement.execute(RemoteWebElement.java:251)
                                                                        at
                                                                        org.openqa.selenium.remote.RemoteWebElement.click(RemoteWebElement.java:77)
                                                                        at
                                                                        sun.reflect.GeneratedMethodAccessor29.invoke(Unknown
                                                                        Source)
                                                                        at
                                                                        sun.reflect.DelegatingMethodAccessorImpl.invoke(DelegatingMethodAccessorImpl.java:43)
                                                                        at
                                                                        java.lang.reflect.Method.invoke(Method.java:498)
                                                                        at
                                                                        org.openqa.selenium.support.pagefactory.internal.LocatingElementHandler.invoke(LocatingElementHandler.java:52)
                                                                        at com.sun.proxy.$Proxy21.click(Unknown Source)
                                                                        at base.CommonAPI.click(CommonAPI.java:188)
                                                                        at
                                                                        pages.ebay.CustomerServicePage.clickCustomerServiceServicesBtn(CustomerServicePage.java:55)
                                                                        at
                                                                        apps.bjs.CustomerServiceTest.services(CustomerServiceTest.java:36)
                                                                        at
                                                                        sun.reflect.NativeMethodAccessorImpl.invoke0(Native
                                                                        Method)
                                                                        at
                                                                        sun.reflect.NativeMethodAccessorImpl.invoke(NativeMethodAccessorImpl.java:62)
                                                                        at
                                                                        sun.reflect.DelegatingMethodAccessorImpl.invoke(DelegatingMethodAccessorImpl.java:43)
                                                                        at
                                                                        java.lang.reflect.Method.invoke(Method.java:498)
                                                                        at
                                                                        org.testng.internal.MethodInvocationHelper.invokeMethod(MethodInvocationHelper.java:124)
                                                                        at
                                                                        org.testng.internal.Invoker.invokeMethod(Invoker.java:583)
                                                                        at
                                                                        org.testng.internal.Invoker.invokeTestMethod(Invoker.java:719)
                                                                        at
                                                                        org.testng.internal.Invoker.invokeTestMethods(Invoker.java:989)
                                                                        at
                                                                        org.testng.internal.TestMethodWorker.invokeTestMethods(TestMethodWorker.java:125)
                                                                        at
                                                                        org.testng.internal.TestMethodWorker.run(TestMethodWorker.java:109)
                                                                        at
                                                                        org.testng.TestRunner.privateRun(TestRunner.java:648)
                                                                        at
                                                                        org.testng.TestRunner.run(TestRunner.java:505)
                                                                        at
                                                                        org.testng.SuiteRunner.runTest(SuiteRunner.java:455)
                                                                        at
                                                                        org.testng.SuiteRunner.runSequentially(SuiteRunner.java:450)
                                                                        at
                                                                        org.testng.SuiteRunner.privateRun(SuiteRunner.java:415)
                                                                        at
                                                                        org.testng.SuiteRunner.run(SuiteRunner.java:364)
                                                                        at
                                                                        org.testng.SuiteRunnerWorker.runSuite(SuiteRunnerWorker.java:52)
                                                                        at
                                                                        org.testng.SuiteRunnerWorker.run(SuiteRunnerWorker.java:84)
                                                                        at
                                                                        org.testng.TestNG.runSuitesSequentially(TestNG.java:1208)
                                                                        at
                                                                        org.testng.TestNG.runSuitesLocally(TestNG.java:1137)
                                                                        at org.testng.TestNG.runSuites(TestNG.java:1049)
                                                                        at org.testng.TestNG.run(TestNG.java:1017)
                                                                        at
                                                                        com.intellij.rt.testng.IDEARemoteTestNG.run(IDEARemoteTestNG.java:66)
                                                                        at
                                                                        com.intellij.rt.testng.RemoteTestNGStarter.main(RemoteTestNGStarter.java:109)</td>
																</tr>
														</tbody>
													</table>
													<ul class='collapsible node-list' data-collapsible='accordion'>
													</ul>
												</div>
											</div>
										</li>
										<li class='collection-item test displayed active fail ' extentid='247d11bd-c231-41b3-a3b9-3d15f1179195'>
											<div class='test-head'>
												<span class='test-name'>tireCenter </span>
												<span class='test-status label right outline capitalize fail'>fail</span>
												<span class='category-assigned hide  customerservicetest'></span>
											</div>
											<div class='test-body'>
												<div class='test-info'>
													<span title='Test started time' alt='Test started time' class='test-started-time label green lighten-1 text-white'>2022-06-22 19:56:31</span>
													<span title='Test ended time' alt='Test ended time' class='test-ended-time label red lighten-1 text-white'>2022-06-22 19:56:33</span>
													<span title='Time taken to finish' alt='Time taken to finish' class='test-time-taken label blue-grey lighten-3 text-white'>0h 0m 2s+601ms</span>
												</div>
												<div class='test-desc'></div>
												<div class='test-attributes'>
														<div class='categories'>
																<span class='category text-white'>CustomerServiceTest</span>
														</div>
												</div>
												<div class='test-steps'>
													<table class='bordered table-results'>
														<thead>
															<tr>
																<th>Status</th>
																<th>Timestamp</th>
																<th>Details</th>
															</tr>
														</thead>
														<tbody>
																<tr>
																	<td class='status fail' title='fail' alt='fail'><i class='mdi-navigation-cancel'></i></td>
																	<td class='timestamp'>19:56:33</td>
																	<td class='step-details'>org.openqa.selenium.WebDriverException:
                                                                        unknown error: cannot determine loading status
                                                                        from unknown error: unexpected command response
                                                                        (Session info: chrome=103.0.5060.53)
                                                                        Build info: version: '4.1.4', revision:
                                                                        '535d840ee2'
                                                                        System info: host: 'Kevins-MBP-5', ip:
                                                                        'fe80:0:0:0:cd2:7f1c:fa11:ab89%en0', os.name:
                                                                        'Mac OS X', os.arch: 'x86_64', os.version:
                                                                        '10.16', java.version: '1.8.0_311'
                                                                        Driver info:
                                                                        org.openqa.selenium.chrome.ChromeDriver
                                                                        Command: [27e2e42437804d84d4b32538632b91f5,
                                                                        clickElement
                                                                        {id=3b638d3d-6905-44d8-ac49-476345524aed}]
                                                                        Capabilities {acceptInsecureCerts: false,
                                                                        browserName: chrome, browserVersion:
                                                                        103.0.5060.53, chrome: {chromedriverVersion:
                                                                        102.0.5005.61 (0e59bcc00cc4..., userDataDir:
                                                                        /var/folders/3r/d_ssrpd52dz...},
                                                                        goog:chromeOptions: {debuggerAddress:
                                                                        localhost:49770}, javascriptEnabled: true,
                                                                        networkConnectionEnabled: false,
                                                                        pageLoadStrategy: normal, platform: MAC,
                                                                        platformName: MAC, proxy: Proxy(), se:cdp:
                                                                        ws://localhost:49770/devtoo..., se:cdpVersion:
                                                                        103.0.5060.53, setWindowRect: true,
                                                                        strictFileInteractability: false, timeouts:
                                                                        {implicit: 0, pageLoad: 300000, script: 30000},
                                                                        unhandledPromptBehavior: dismiss and notify,
                                                                        webauthn:extension:credBlob: true,
                                                                        webauthn:extension:largeBlob: true,
                                                                        webauthn:virtualAuthenticators: true}
                                                                        Element: [[ChromeDriver: chrome on MAC
                                                                        (27e2e42437804d84d4b32538632b91f5)] -> xpath:
                                                                        /html/body/div[7]/div/div[2]/div[6]/div]
                                                                        Session ID: 27e2e42437804d84d4b32538632b91f5
                                                                        at
                                                                        sun.reflect.NativeConstructorAccessorImpl.newInstance0(Native
                                                                        Method)
                                                                        at
                                                                        sun.reflect.NativeConstructorAccessorImpl.newInstance(NativeConstructorAccessorImpl.java:62)
                                                                        at
                                                                        sun.reflect.DelegatingConstructorAccessorImpl.newInstance(DelegatingConstructorAccessorImpl.java:45)
                                                                        at
                                                                        java.lang.reflect.Constructor.newInstance(Constructor.java:423)
                                                                        at
                                                                        org.openqa.selenium.remote.codec.w3c.W3CHttpResponseCodec.createException(W3CHttpResponseCodec.java:200)
                                                                        at
                                                                        org.openqa.selenium.remote.codec.w3c.W3CHttpResponseCodec.decode(W3CHttpResponseCodec.java:133)
                                                                        at
                                                                        org.openqa.selenium.remote.codec.w3c.W3CHttpResponseCodec.decode(W3CHttpResponseCodec.java:53)
                                                                        at
                                                                        org.openqa.selenium.remote.HttpCommandExecutor.execute(HttpCommandExecutor.java:184)
                                                                        at
                                                                        org.openqa.selenium.remote.service.DriverCommandExecutor.invokeExecute(DriverCommandExecutor.java:167)
                                                                        at
                                                                        org.openqa.selenium.remote.service.DriverCommandExecutor.execute(DriverCommandExecutor.java:142)
                                                                        at
                                                                        org.openqa.selenium.remote.RemoteWebDriver.execute(RemoteWebDriver.java:567)
                                                                        at
                                                                        org.openqa.selenium.remote.RemoteWebElement.execute(RemoteWebElement.java:251)
                                                                        at
                                                                        org.openqa.selenium.remote.RemoteWebElement.click(RemoteWebElement.java:77)
                                                                        at
                                                                        sun.reflect.GeneratedMethodAccessor29.invoke(Unknown
                                                                        Source)
                                                                        at
                                                                        sun.reflect.DelegatingMethodAccessorImpl.invoke(DelegatingMethodAccessorImpl.java:43)
                                                                        at
                                                                        java.lang.reflect.Method.invoke(Method.java:498)
                                                                        at
                                                                        org.openqa.selenium.support.pagefactory.internal.LocatingElementHandler.invoke(LocatingElementHandler.java:52)
                                                                        at com.sun.proxy.$Proxy21.click(Unknown Source)
                                                                        at base.CommonAPI.click(CommonAPI.java:188)
                                                                        at
                                                                        pages.ebay.CustomerServicePage.clickCustomerServiceTireCenterBtn(CustomerServicePage.java:67)
                                                                        at
                                                                        apps.bjs.CustomerServiceTest.tireCenter(CustomerServiceTest.java:65)
                                                                        at
                                                                        sun.reflect.NativeMethodAccessorImpl.invoke0(Native
                                                                        Method)
                                                                        at
                                                                        sun.reflect.NativeMethodAccessorImpl.invoke(NativeMethodAccessorImpl.java:62)
                                                                        at
                                                                        sun.reflect.DelegatingMethodAccessorImpl.invoke(DelegatingMethodAccessorImpl.java:43)
                                                                        at
                                                                        java.lang.reflect.Method.invoke(Method.java:498)
                                                                        at
                                                                        org.testng.internal.MethodInvocationHelper.invokeMethod(MethodInvocationHelper.java:124)
                                                                        at
                                                                        org.testng.internal.Invoker.invokeMethod(Invoker.java:583)
                                                                        at
                                                                        org.testng.internal.Invoker.invokeTestMethod(Invoker.java:719)
                                                                        at
                                                                        org.testng.internal.Invoker.invokeTestMethods(Invoker.java:989)
                                                                        at
                                                                        org.testng.internal.TestMethodWorker.invokeTestMethods(TestMethodWorker.java:125)
                                                                        at
                                                                        org.testng.internal.TestMethodWorker.run(TestMethodWorker.java:109)
                                                                        at
                                                                        org.testng.TestRunner.privateRun(TestRunner.java:648)
                                                                        at
                                                                        org.testng.TestRunner.run(TestRunner.java:505)
                                                                        at
                                                                        org.testng.SuiteRunner.runTest(SuiteRunner.java:455)
                                                                        at
                                                                        org.testng.SuiteRunner.runSequentially(SuiteRunner.java:450)
                                                                        at
                                                                        org.testng.SuiteRunner.privateRun(SuiteRunner.java:415)
                                                                        at
                                                                        org.testng.SuiteRunner.run(SuiteRunner.java:364)
                                                                        at
                                                                        org.testng.SuiteRunnerWorker.runSuite(SuiteRunnerWorker.java:52)
                                                                        at
                                                                        org.testng.SuiteRunnerWorker.run(SuiteRunnerWorker.java:84)
                                                                        at
                                                                        org.testng.TestNG.runSuitesSequentially(TestNG.java:1208)
                                                                        at
                                                                        org.testng.TestNG.runSuitesLocally(TestNG.java:1137)
                                                                        at org.testng.TestNG.runSuites(TestNG.java:1049)
                                                                        at org.testng.TestNG.run(TestNG.java:1017)
                                                                        at
                                                                        com.intellij.rt.testng.IDEARemoteTestNG.run(IDEARemoteTestNG.java:66)
                                                                        at
                                                                        com.intellij.rt.testng.RemoteTestNGStarter.main(RemoteTestNGStarter.java:109)</td>
																</tr>
														</tbody>
													</table>
													<ul class='collapsible node-list' data-collapsible='accordion'>
													</ul>
												</div>
											</div>
										</li>
								</ul>
							</div>
						</div>
					</div>
				</div>
				<div id='test-details-wrapper' class='col _addedCell2'>
					<div class='contents'>
						<div class='card-panel details-view'>
							<h5 class='details-name'></h5>
							<div class='step-filters right'>
								<span class='btn-floating btn-small waves-effect waves-light blue' status='info' alt='info' title='info'><i class='mdi-action-info-outline'></i></span>
								<span class='btn-floating btn-small waves-effect waves-light green' status='pass' alt='pass' title='pass'><i class='mdi-action-check-circle'></i></span>
								<span class='btn-floating btn-small waves-effect waves-light red' status='fail' alt='fail' title='fail'><i class='mdi-navigation-cancel'></i></span>
								<span class='btn-floating btn-small waves-effect waves-light red darken-4' status='fatal' alt='fatal' title='fatal'><i class='mdi-navigation-cancel'></i></span>
								<span class='btn-floating btn-small waves-effect waves-light red lighten-2' status='error' alt='error' title='error'><i class='mdi-alert-error'></i></span>
								<span class='btn-floating btn-small waves-effect waves-light orange' alt='warning' status='warning' title='warning'><i class='mdi-alert-warning'></i></span>
								<span class='btn-floating btn-small waves-effect waves-light cyan' status='skip' alt='skip' title='skip'><i class='mdi-content-redo'></i></span>
								<span class='btn-floating btn-small waves-effect waves-light grey darken-2' status='clear-step-filter' alt='Clear filters' title='Clear filters'><i class='mdi-content-clear'></i></span>
							</div>
							<div class='details-container'>
							</div>
						</div>
					</div>
				</div>
			</div>
			<!-- /tests -->
			
			<!-- categories -->
				<div id='categories-view' class='row _addedTable hide'>
					<div class='col _addedCell1'>
						<div class='contents'>
							<div class='card-panel heading'>
								<h5>Categories</h5>
							</div>
							<div class='card-panel filters'>
								<div class='search' alt='Search tests' title='Search tests'>
									<div class='input-field left'>
										<input id='searchTests' type='text' class='validate' placeholder='Search...'>
									</div>
									<a href="#" class='btn-floating btn-small waves-effect waves-light blue lighten-1'>
										<i class='mdi-action-search'></i>
									</a>
								</div>
							</div>
							<div class='card-panel no-padding-h no-padding-v'>
								<div class='wrapper'>
									<ul id='cat-collection' class='cat-collection'>
											<li class='category-item displayed'>
												<div class='cat-head'>
													<span class='category-name'>CustomerServiceTest</span>
												</div>
												<div class='category-status-counts'>
														<span class='pass label dot'>Pass: 2</span>
														<span class='fail label dot'>Fail: 9</span>
												</div>
												<div class='cat-body'>
													<div class='category-status-counts'>
														<div class='button-group'>
															<a href='#!' class='pass label filter'>Pass <span class='icon'>2</span></a>
															<a href='#!' class='fail label filter'>Fail <span class='icon'>9</span></a>
															<a href='#!' class='other label filter'>Others <span class='icon'>0</span></a>
														</div>
													</div>
													<div class='cat-tests'>
														<table class='bordered'>
															<thead>
																<tr>
																	<th>RunDate</th>
																	<th>Test Name</th>
																	<th>Status</th>
																</tr>
															</thead>
															<tbody>
																	<tr class='fail'>
																		<td>2022-06-22 19:53:55</td>
																		<td><span class='category-link linked' extentid='deb2a2c5-9051-48e0-8b23-fadcacd65bed'>chat</span></td>
																		<td><div class='status label capitalize fail'>fail</div></td>
																	</tr>
																	<tr class='fail'>
																		<td>2022-06-22 19:54:14</td>
																		<td><span class='category-link linked' extentid='f20aecbd-fcdf-4baa-afb2-79c62b0d2cc7'>contactUs</span></td>
																		<td><div class='status label capitalize fail'>fail</div></td>
																	</tr>
																	<tr class='fail'>
																		<td>2022-06-22 19:54:33</td>
																		<td><span class='category-link linked' extentid='bf1bd613-a09e-4c4d-801b-84fc77bb72e1'>email</span></td>
																		<td><div class='status label capitalize fail'>fail</div></td>
																	</tr>
																	<tr class='fail'>
																		<td>2022-06-22 19:54:51</td>
																		<td><span class='category-link linked' extentid='33be2cf9-5625-464c-a354-6e2aad761bda'>inClub</span></td>
																		<td><div class='status label capitalize fail'>fail</div></td>
																	</tr>
																	<tr class='fail'>
																		<td>2022-06-22 19:55:10</td>
																		<td><span class='category-link linked' extentid='ccc91636-ef9b-49a7-84cf-3287fdc3dc66'>membership</span></td>
																		<td><div class='status label capitalize fail'>fail</div></td>
																	</tr>
																	<tr class='pass'>
																		<td>2022-06-22 19:55:30</td>
																		<td><span class='category-link linked' extentid='66f63557-482c-4077-acca-57bbdbec68d2'>orders</span></td>
																		<td><div class='status label capitalize pass'>pass</div></td>
																	</tr>
																	<tr class='fail'>
																		<td>2022-06-22 19:55:41</td>
																		<td><span class='category-link linked' extentid='57e08be4-39ee-432b-a59f-53ebcd2d27d3'>payments</span></td>
																		<td><div class='status label capitalize fail'>fail</div></td>
																	</tr>
																	<tr class='fail'>
																		<td>2022-06-22 19:55:49</td>
																		<td><span class='category-link linked' extentid='0ce54f39-5809-4d90-9942-2f7b5597b5e3'>perksRewards</span></td>
																		<td><div class='status label capitalize fail'>fail</div></td>
																	</tr>
																	<tr class='pass'>
																		<td>2022-06-22 19:56:08</td>
																		<td><span class='category-link linked' extentid='45ce7e26-b4fb-4000-888a-7a39030d281b'>quickLinks</span></td>
																		<td><div class='status label capitalize pass'>pass</div></td>
																	</tr>
																	<tr class='fail'>
																		<td>2022-06-22 19:56:22</td>
																		<td><span class='category-link linked' extentid='1d8e7469-11c5-4217-893a-56f5506301fe'>services</span></td>
																		<td><div class='status label capitalize fail'>fail</div></td>
																	</tr>
																	<tr class='fail'>
																		<td>2022-06-22 19:56:31</td>
																		<td><span class='category-link linked' extentid='247d11bd-c231-41b3-a3b9-3d15f1179195'>tireCenter</span></td>
																		<td><div class='status label capitalize fail'>fail</div></td>
																	</tr>
															<tbody>
														</table>
													</div>
												</div> 
											</li>
									</ul>
								</div>
							</div>
						</div>
					</div>
					<div id='cat-details-wrapper' class='col _addedCell2'>
						<div class='contents'>
							<div class='card-panel details-view'>
								<h5 class='cat-name'></h5>
								<div class='cat-container'>
								</div>
							</div>
						</div>
					</div>
				</div>
			<!-- /categories -->
			
			<!-- exceptions -->
			<!-- /exceptions -->
			
			<!-- testrunner logs -->
			<!-- /testrunner logs -->
			
		</div>
		<!-- /container -->
		
		<!-- test dashboard counts setting -->
		<div id='test-count-setting' class='modal bottom-sheet'> 
			<div class='modal-content'> 
				<h5>Configure Tests Count Setting</h5> 
				<input name='test-count-setting' type='radio' id='parentWithoutNodes' class='with-gap'> 
				<label for='parentWithoutNodes'>Parent Tests Only (Does not include child nodes in counts)</label> 
				<br> 
				<input name='test-count-setting' type='radio' id='parentWithoutNodesAndNodes' class='with-gap'> 
				<label for='parentWithoutNodesAndNodes'>Parent Tests Without Child Tests + Child Tests</label> 
				<br> 
				<input name='test-count-setting' type='radio' id='childNodes' class='with-gap'> 
				<label for='childNodes'>Child Tests Only</label> 
			</div> 
			<div class='modal-footer'> 
				<a href='#!' class='modal-action modal-close waves-effect waves-green btn'>Save</a> 
			</div> 
		</div>
		<!-- /test dashboard counts setting -->
		
		<!-- filter for step status -->
		<div id='step-status-filter' class='modal bottom-sheet'> 
			<div class='modal-content'> 
				<h5>Select status</h5> 
				<input checked class='filled-in' type='checkbox' id='step-dashboard-filter-pass'> 
				<label for='step-dashboard-filter-pass'>Pass</label> 
				<br> 
				<input checked class='filled-in' type='checkbox' id='step-dashboard-filter-fail'> 
				<label for='step-dashboard-filter-fail'>Fail</label> 
				<br> 
				<input checked class='filled-in' type='checkbox' id='step-dashboard-filter-fatal'> 
				<label for='step-dashboard-filter-fatal'>Fatal</label> 
				<br> 
				<input checked class='filled-in' type='checkbox' id='step-dashboard-filter-error'> 
				<label for='step-dashboard-filter-error'>Error</label> 
				<br> 
				<input checked class='filled-in' type='checkbox' id='step-dashboard-filter-warning'> 
				<label for='step-dashboard-filter-warning'>Warning</label> 
				<br> 
				<input checked class='filled-in' type='checkbox' id='step-dashboard-filter-skip'> 
				<label for='step-dashboard-filter-skip'>Skipped</label> 
				<br> 
				<input checked class='filled-in' type='checkbox' id='step-dashboard-filter-info'> 
				<label for='step-dashboard-filter-info'>Info</label> 
				<br> 
				<input checked class='filled-in' type='checkbox' id='step-dashboard-filter-unknown'> 
				<label for='step-dashboard-filter-unknown'>Unknown</label> 
			</div>
			<div class='modal-footer'> 
				<a href='#!' class='modal-action modal-close waves-effect waves-green btn'>Save</a> 
			</div> 
		</div>
		<!-- /filter for step status -->
		
		<script src='https://cdn.rawgit.com/anshooarora/extentreports/6032d73243ba4fe4fb8769eb9c315d4fdf16fe68/cdn/extent.js' type='text/javascript'></script>

		<script>$(document).ready(function() { $('.logo span').html('ExtentReports'); });</script>
		<script>
				
            
                $(document).ready(function() {
                    
                });
            
        
		</script>
	</body>
</html>
